WARNING:root:<class 'errorinfo.XqueryError'>: UrlPage._winfold: string looks wierd <Element a at 0x1f2cbd0>
WARNING:root:<class 'errorinfo.XqueryError'>: UrlPage._winfold: string looks wierd <Element a at 0x1f2cba0>
WARNING:root:<class 'errorinfo.XqueryError'>: UrlPage._winfold: string looks wierd <Element a at 0x1f8cba0>
WARNING:root:<class 'errorinfo.XqueryError'>: UrlPage._winfold: string looks wierd <Element a at 0x208cbd0>
WARNING:root:<class 'errorinfo.XqueryError'>: UrlPage._winfold: string looks wierd <Element a at 0x208cc30>
WARNING:root:<class 'errorinfo.XqueryError'>: UrlPage._winfold: string looks wierd <Element a at 0x1f5c390>
WARNING:root:<class 'errorinfo.XqueryError'>: UrlPage._winfold: string looks wierd <Element a at 0x1f5c420>
WARNING:root:<class 'errorinfo.XqueryError'>: UrlPage._winfold: string looks wierd <Element a at 0x1f5c510>
WARNING:root:<class 'errorinfo.XqueryError'>: UrlPage._winfold: string looks wierd <Element a at 0x1f5c5a0>
WARNING:root:<class 'errorinfo.XqueryError'>: UrlPage._winfold: string looks wierd <Element a at 0x1f5c660>
WARNING:root:<class 'errorinfo.XqueryError'>: UrlPage._winfold: string looks wierd <Element a at 0x1f5c6f0>
WARNING:root:<class 'errorinfo.XqueryError'>: UrlPage._winfold: string looks wierd <Element a at 0x1f5c7b0>
WARNING:root:<class 'errorinfo.XqueryError'>: UrlPage._winfold: string looks wierd <Element a at 0x1f5c840>
WARNING:root:<class 'errorinfo.XqueryError'>: UrlPage._winfold: string looks wierd <Element a at 0x1f5c900>
WARNING:root:<class 'errorinfo.XqueryError'>: UrlPage._winfold: string looks wierd <Element a at 0x1f5c990>
WARNING:root:<class 'errorinfo.XqueryError'>: UrlPage._winfold: string looks wierd <Element a at 0x1f5ca80>
WARNING:root:<class 'errorinfo.XqueryError'>: UrlPage._winfold: string looks wierd <Element a at 0x1f5cb10>
WARNING:root:<class 'errorinfo.XqueryError'>: UrlPage._winfold: string looks wierd <Element a at 0x1f5cc60>
WARNING:root:<class 'errorinfo.XqueryError'>: UrlPage._winfold: string looks wierd <Element a at 0x1f5ccf0>
WARNING:root:<class 'errorinfo.XqueryError'>: UrlPage._winfold: string looks wierd <Element a at 0x1ed1f60>
WARNING:root:<class 'errorinfo.XqueryError'>: UrlPage._winfold: string looks wierd <Element a at 0x1ed1ed0>
WARNING:root:<class 'errorinfo.XqueryError'>: UrlPage._winfold: string looks wierd <Element a at 0x1ed17b0>
WARNING:root:<class 'errorinfo.XqueryError'>: UrlPage._winfold: string looks wierd <Element a at 0x1ed18a0>
WARNING:root:<class 'errorinfo.XqueryError'>: UrlPage._winfold: string looks wierd <Element a at 0x1f3c390>
WARNING:root:<class 'errorinfo.XqueryError'>: UrlPage._winfold: string looks wierd <Element a at 0x1f3c420>
WARNING:root:<class 'errorinfo.XqueryError'>: UrlPage._winfold: string looks wierd <Element a at 0x1f3c510>
WARNING:root:<class 'errorinfo.XqueryError'>: UrlPage._winfold: string looks wierd <Element a at 0x1f3c5a0>
WARNING:root:<class 'errorinfo.XqueryError'>: UrlPage._winfold: string looks wierd <Element a at 0x1f3c660>
WARNING:root:<class 'errorinfo.XqueryError'>: UrlPage._winfold: string looks wierd <Element a at 0x1f3c6f0>
WARNING:root:<class 'errorinfo.XqueryError'>: UrlPage._winfold: string looks wierd <Element a at 0x1f3c7b0>
WARNING:root:<class 'errorinfo.XqueryError'>: UrlPage._winfold: string looks wierd <Element a at 0x1f3c840>
WARNING:root:<class 'errorinfo.XqueryError'>: UrlPage._winfold: string looks wierd <Element a at 0x1f3c900>
WARNING:root:<class 'errorinfo.XqueryError'>: UrlPage._winfold: string looks wierd <Element a at 0x1f3c990>
WARNING:root:<class 'errorinfo.XqueryError'>: UrlPage._winfold: string looks wierd <Element a at 0x1f3ca80>
WARNING:root:<class 'errorinfo.XqueryError'>: UrlPage._winfold: string looks wierd <Element a at 0x1f3cb10>
WARNING:root:<class 'errorinfo.XqueryError'>: UrlPage._winfold: string looks wierd <Element a at 0x1f3cc60>
WARNING:root:<class 'errorinfo.XqueryError'>: UrlPage._winfold: string looks wierd <Element a at 0x1f3ccf0>
WARNING:root:<class 'errorinfo.XqueryError'>: UrlPage._winfold: string looks wierd <Element a at 0x1eb1ae0>
WARNING:root:<class 'errorinfo.XqueryError'>: UrlPage._winfold: string looks wierd <Element a at 0x1eb1a50>
WARNING:root:<class 'errorinfo.XqueryError'>: UrlPage._winfold: string looks wierd <Element a at 0x1eb1720>
WARNING:root:<class 'errorinfo.XqueryError'>: UrlPage._winfold: string looks wierd <Element a at 0x1eb1690>
WARNING:root:<class 'errorinfo.XqueryError'>: UrlPage._winfold: string looks wierd Giovanni Marradi
WARNING:root:<class 'errorinfo.XqueryError'>: UrlPage._winfold: string looks wierd Green Green Grass Of Home (C. Putman)
WARNING:root:<class 'errorinfo.XqueryError'>: UrlPage._winfold: string looks wierd Love Me Tender
WARNING:root:<class 'errorinfo.XqueryError'>: UrlPage._winfold: string looks wierd Sailing (G. Sutherland)
WARNING:root:<class 'errorinfo.XqueryError'>: UrlPage._winfold: string looks wierd Sailing (G. Sutherland)
WARNING:root:<class 'errorinfo.XqueryError'>: UrlPage._winfold: string looks wierd Green Green Grass Of Home (C. Putman)
WARNING:root:<class 'errorinfo.XqueryError'>: UrlPage._winfold: string looks wierd Green Green Grass Of Home (C. Putman)
WARNING:root:<class 'errorinfo.XqueryError'>: UrlPage._winfold: string looks wierd Nocturnes (G. Marradi)
WARNING:root:<class 'errorinfo.XqueryError'>: UrlPage._winfold: string looks wierd Nocturnes (G. Marradi)
WARNING:root:<class 'errorinfo.XqueryError'>: UrlPage._winfold: string looks wierd Ballade For Adeline (P. Senneville)
WARNING:root:<class 'errorinfo.XqueryError'>: UrlPage._winfold: string looks wierd Ballade For Adeline (P. Senneville)
WARNING:root:<class 'errorinfo.XqueryError'>: UrlPage._winfold: string looks wierd Sacristy (G. Marradi)
WARNING:root:<class 'errorinfo.XqueryError'>: UrlPage._winfold: string looks wierd Sacristy (G. Marradi)
WARNING:root:<class 'errorinfo.XqueryError'>: UrlPage._winfold: string looks wierd The Wonder Of You (B. Knight)
WARNING:root:<class 'errorinfo.XqueryError'>: UrlPage._winfold: string looks wierd The Wonder Of You (B. Knight)
WARNING:root:<class 'errorinfo.XqueryError'>: UrlPage._winfold: string looks wierd Theme From M.A.S.H. (J. Mandel)
WARNING:root:<class 'errorinfo.XqueryError'>: UrlPage._winfold: string looks wierd Theme From M.A.S.H. (J. Mandel)
WARNING:root:<class 'errorinfo.XqueryError'>: UrlPage._winfold: string looks wierd Friends And Lovers (P. Gordon, J. Gruska)
WARNING:root:<class 'errorinfo.XqueryError'>: UrlPage._winfold: string looks wierd Friends And Lovers (P. Gordon, J. Gruska)
WARNING:root:<class 'errorinfo.XqueryError'>: UrlPage._winfold: string looks wierd Sweet Prince (G. Marradi)
WARNING:root:<class 'errorinfo.XqueryError'>: UrlPage._winfold: string looks wierd Sweet Prince (G. Marradi)
WARNING:root:<class 'errorinfo.XqueryError'>: UrlPage._winfold: string looks wierd You Needed Me (Ft. Goodrum)
WARNING:root:<class 'errorinfo.XqueryError'>: UrlPage._winfold: string looks wierd You Needed Me (Ft. Goodrum)
WARNING:root:<class 'errorinfo.XqueryError'>: UrlPage._winfold: string looks wierd La Vie En Rose (M. David, L. Piaf. E. Piaf)
WARNING:root:<class 'errorinfo.XqueryError'>: UrlPage._winfold: string looks wierd La Vie En Rose (M. David, L. Piaf. E. Piaf)
WARNING:root:<class 'errorinfo.XqueryError'>: UrlPage._winfold: string looks wierd Terms of Endearment (M. Gore)
WARNING:root:<class 'errorinfo.XqueryError'>: UrlPage._winfold: string looks wierd Terms of Endearment (M. Gore)
WARNING:root:<class 'errorinfo.XqueryError'>: UrlPage._winfold: string looks wierd Love Me Tender
WARNING:root:<class 'errorinfo.XqueryError'>: UrlPage._winfold: string looks wierd Giovanni Marradi
WARNING:root:<class 'errorinfo.XqueryError'>: UrlPage._winfold: string looks wierd 其他
WARNING:root:<class 'errorinfo.XqueryError'>: UrlPage._winfold: string looks wierd New Castle Records
WARNING:root:<class 'errorinfo.XqueryError'>: UrlPage._winfold: string looks wierd 2000年01月01日
WARNING:root:<class 'errorinfo.XqueryError'>: UrlPage._winfold: string looks wierd 录音室专辑
WARNING:root:<class 'errorinfo.XqueryError'>: UrlPage._winfold: string looks wierd Giovanni Marradi
WARNING:root:<class 'errorinfo.XqueryError'>: UrlPage._winfold: string looks wierd Italy 意大利
WARNING:root:<class 'errorinfo.XqueryError'>: UrlPage._winfold: string looks wierd 
WARNING:root:<class 'errorinfo.XqueryError'>: UrlPage._winfold: string looks wierd 小简介 ——乔瓦尼 (Giovanni Marradi) 出生在意大利，5岁开始步其父亲后尘练习音乐演奏，8岁开始学作曲。现在已成为世界着名的NEW AGE音乐作曲家和钢琴家。 ——乔瓦尼(Giovanni)，一个自然音乐中，最富盛名的佼佼者，一个钢琴演奏界的教父，他运用钢琴丰富多变的特质，将音符幻化成一幅幅唯美的风景，熟悉的旋律赋予自然而感性的转折，造就乔瓦尼迷人的音乐风格! ——乔瓦尼的钢琴弹奏出乐圣最浪漫的乐章，人称「现代钢琴诗人的」乔瓦尼以轻柔的琴音，撩动现代人的心弦，营造出泛着银晖的浪漫情境。想要不... (更多)
WARNING:root:<class 'errorinfo.XqueryError'>: UrlPage._winfold: string looks wierd Giovanni Marradi
WARNING:root:<class 'errorinfo.XqueryError'>: UrlPage._winfold: string looks wierd Green Green Grass Of Home (C. Putman)
WARNING:root:<class 'errorinfo.XqueryError'>: UrlPage._winfold: string looks wierd Love Me Tender
WARNING:root:<class 'errorinfo.XqueryError'>: UrlPage._winfold: string looks wierd Sailing (G. Sutherland)
WARNING:root:<class 'errorinfo.XqueryError'>: UrlPage._winfold: string looks wierd Sailing (G. Sutherland)
WARNING:root:<class 'errorinfo.XqueryError'>: UrlPage._winfold: string looks wierd Green Green Grass Of Home (C. Putman)
WARNING:root:<class 'errorinfo.XqueryError'>: UrlPage._winfold: string looks wierd Green Green Grass Of Home (C. Putman)
WARNING:root:<class 'errorinfo.XqueryError'>: UrlPage._winfold: string looks wierd Nocturnes (G. Marradi)
WARNING:root:<class 'errorinfo.XqueryError'>: UrlPage._winfold: string looks wierd Nocturnes (G. Marradi)
WARNING:root:<class 'errorinfo.XqueryError'>: UrlPage._winfold: string looks wierd Ballade For Adeline (P. Senneville)
WARNING:root:<class 'errorinfo.XqueryError'>: UrlPage._winfold: string looks wierd Ballade For Adeline (P. Senneville)
WARNING:root:<class 'errorinfo.XqueryError'>: UrlPage._winfold: string looks wierd Sacristy (G. Marradi)
WARNING:root:<class 'errorinfo.XqueryError'>: UrlPage._winfold: string looks wierd Sacristy (G. Marradi)
WARNING:root:<class 'errorinfo.XqueryError'>: UrlPage._winfold: string looks wierd The Wonder Of You (B. Knight)
WARNING:root:<class 'errorinfo.XqueryError'>: UrlPage._winfold: string looks wierd The Wonder Of You (B. Knight)
WARNING:root:<class 'errorinfo.XqueryError'>: UrlPage._winfold: string looks wierd Theme From M.A.S.H. (J. Mandel)
WARNING:root:<class 'errorinfo.XqueryError'>: UrlPage._winfold: string looks wierd Theme From M.A.S.H. (J. Mandel)
WARNING:root:<class 'errorinfo.XqueryError'>: UrlPage._winfold: string looks wierd Friends And Lovers (P. Gordon, J. Gruska)
WARNING:root:<class 'errorinfo.XqueryError'>: UrlPage._winfold: string looks wierd Friends And Lovers (P. Gordon, J. Gruska)
WARNING:root:<class 'errorinfo.XqueryError'>: UrlPage._winfold: string looks wierd Sweet Prince (G. Marradi)
WARNING:root:<class 'errorinfo.XqueryError'>: UrlPage._winfold: string looks wierd Sweet Prince (G. Marradi)
WARNING:root:<class 'errorinfo.XqueryError'>: UrlPage._winfold: string looks wierd You Needed Me (Ft. Goodrum)
WARNING:root:<class 'errorinfo.XqueryError'>: UrlPage._winfold: string looks wierd You Needed Me (Ft. Goodrum)
WARNING:root:<class 'errorinfo.XqueryError'>: UrlPage._winfold: string looks wierd La Vie En Rose (M. David, L. Piaf. E. Piaf)
WARNING:root:<class 'errorinfo.XqueryError'>: UrlPage._winfold: string looks wierd La Vie En Rose (M. David, L. Piaf. E. Piaf)
WARNING:root:<class 'errorinfo.XqueryError'>: UrlPage._winfold: string looks wierd Terms of Endearment (M. Gore)
WARNING:root:<class 'errorinfo.XqueryError'>: UrlPage._winfold: string looks wierd Terms of Endearment (M. Gore)
WARNING:root:<class 'errorinfo.XqueryError'>: UrlPage._winfold: string looks wierd Love Me Tender
WARNING:root:<class 'errorinfo.XqueryError'>: UrlPage._winfold: string looks wierd Giovanni Marradi
WARNING:root:<class 'errorinfo.XqueryError'>: UrlPage._winfold: string looks wierd 其他
WARNING:root:<class 'errorinfo.XqueryError'>: UrlPage._winfold: string looks wierd New Castle Records
WARNING:root:<class 'errorinfo.XqueryError'>: UrlPage._winfold: string looks wierd 2000年01月01日
WARNING:root:<class 'errorinfo.XqueryError'>: UrlPage._winfold: string looks wierd 录音室专辑
WARNING:root:<class 'errorinfo.XqueryError'>: UrlPage._winfold: string looks wierd Giovanni Marradi
WARNING:root:<class 'errorinfo.XqueryError'>: UrlPage._winfold: string looks wierd Italy 意大利
WARNING:root:<class 'errorinfo.XqueryError'>: UrlPage._winfold: string looks wierd 
WARNING:root:<class 'errorinfo.XqueryError'>: UrlPage._winfold: string looks wierd 小简介 ——乔瓦尼 (Giovanni Marradi) 出生在意大利，5岁开始步其父亲后尘练习音乐演奏，8岁开始学作曲。现在已成为世界着名的NEW AGE音乐作曲家和钢琴家。 ——乔瓦尼(Giovanni)，一个自然音乐中，最富盛名的佼佼者，一个钢琴演奏界的教父，他运用钢琴丰富多变的特质，将音符幻化成一幅幅唯美的风景，熟悉的旋律赋予自然而感性的转折，造就乔瓦尼迷人的音乐风格! ——乔瓦尼的钢琴弹奏出乐圣最浪漫的乐章，人称「现代钢琴诗人的」乔瓦尼以轻柔的琴音，撩动现代人的心弦，营造出泛着银晖的浪漫情境。想要不... (更多)
WARNING:root:<class 'errorinfo.XqueryError'>: UrlPage._winfold: string looks wierd Giovanni Marradi
WARNING:root:<class 'errorinfo.XqueryError'>: UrlPage._winfold: string looks wierd Green Green Grass Of Home (C. Putman)
WARNING:root:<class 'errorinfo.XqueryError'>: UrlPage._winfold: string looks wierd Love Me Tender
WARNING:root:<class 'errorinfo.XqueryError'>: UrlPage._winfold: string looks wierd Sailing (G. Sutherland)
WARNING:root:<class 'errorinfo.XqueryError'>: UrlPage._winfold: string looks wierd Sailing (G. Sutherland)
WARNING:root:<class 'errorinfo.XqueryError'>: UrlPage._winfold: string looks wierd Green Green Grass Of Home (C. Putman)
WARNING:root:<class 'errorinfo.XqueryError'>: UrlPage._winfold: string looks wierd Green Green Grass Of Home (C. Putman)
WARNING:root:<class 'errorinfo.XqueryError'>: UrlPage._winfold: string looks wierd Nocturnes (G. Marradi)
WARNING:root:<class 'errorinfo.XqueryError'>: UrlPage._winfold: string looks wierd Nocturnes (G. Marradi)
WARNING:root:<class 'errorinfo.XqueryError'>: UrlPage._winfold: string looks wierd Ballade For Adeline (P. Senneville)
WARNING:root:<class 'errorinfo.XqueryError'>: UrlPage._winfold: string looks wierd Ballade For Adeline (P. Senneville)
WARNING:root:<class 'errorinfo.XqueryError'>: UrlPage._winfold: string looks wierd Sacristy (G. Marradi)
WARNING:root:<class 'errorinfo.XqueryError'>: UrlPage._winfold: string looks wierd Sacristy (G. Marradi)
WARNING:root:<class 'errorinfo.XqueryError'>: UrlPage._winfold: string looks wierd The Wonder Of You (B. Knight)
WARNING:root:<class 'errorinfo.XqueryError'>: UrlPage._winfold: string looks wierd The Wonder Of You (B. Knight)
WARNING:root:<class 'errorinfo.XqueryError'>: UrlPage._winfold: string looks wierd Theme From M.A.S.H. (J. Mandel)
WARNING:root:<class 'errorinfo.XqueryError'>: UrlPage._winfold: string looks wierd Theme From M.A.S.H. (J. Mandel)
WARNING:root:<class 'errorinfo.XqueryError'>: UrlPage._winfold: string looks wierd Friends And Lovers (P. Gordon, J. Gruska)
WARNING:root:<class 'errorinfo.XqueryError'>: UrlPage._winfold: string looks wierd Friends And Lovers (P. Gordon, J. Gruska)
WARNING:root:<class 'errorinfo.XqueryError'>: UrlPage._winfold: string looks wierd Sweet Prince (G. Marradi)
WARNING:root:<class 'errorinfo.XqueryError'>: UrlPage._winfold: string looks wierd Sweet Prince (G. Marradi)
WARNING:root:<class 'errorinfo.XqueryError'>: UrlPage._winfold: string looks wierd You Needed Me (Ft. Goodrum)
WARNING:root:<class 'errorinfo.XqueryError'>: UrlPage._winfold: string looks wierd You Needed Me (Ft. Goodrum)
WARNING:root:<class 'errorinfo.XqueryError'>: UrlPage._winfold: string looks wierd La Vie En Rose (M. David, L. Piaf. E. Piaf)
WARNING:root:<class 'errorinfo.XqueryError'>: UrlPage._winfold: string looks wierd La Vie En Rose (M. David, L. Piaf. E. Piaf)
WARNING:root:<class 'errorinfo.XqueryError'>: UrlPage._winfold: string looks wierd Terms of Endearment (M. Gore)
WARNING:root:<class 'errorinfo.XqueryError'>: UrlPage._winfold: string looks wierd Terms of Endearment (M. Gore)
WARNING:root:<class 'errorinfo.XqueryError'>: UrlPage._winfold: string looks wierd Love Me Tender
WARNING:root:<class 'errorinfo.XqueryError'>: UrlPage._winfold: string looks wierd Giovanni Marradi
WARNING:root:<class 'errorinfo.XqueryError'>: UrlPage._winfold: string looks wierd 其他
WARNING:root:<class 'errorinfo.XqueryError'>: UrlPage._winfold: string looks wierd New Castle Records
WARNING:root:<class 'errorinfo.XqueryError'>: UrlPage._winfold: string looks wierd 2000年01月01日
WARNING:root:<class 'errorinfo.XqueryError'>: UrlPage._winfold: string looks wierd 录音室专辑
WARNING:root:<class 'errorinfo.XqueryError'>: UrlPage._winfold: string looks wierd Giovanni Marradi
WARNING:root:<class 'errorinfo.XqueryError'>: UrlPage._winfold: string looks wierd Italy 意大利
WARNING:root:<class 'errorinfo.XqueryError'>: UrlPage._winfold: string looks wierd 
WARNING:root:<class 'errorinfo.XqueryError'>: UrlPage._winfold: string looks wierd 小简介 ——乔瓦尼 (Giovanni Marradi) 出生在意大利，5岁开始步其父亲后尘练习音乐演奏，8岁开始学作曲。现在已成为世界着名的NEW AGE音乐作曲家和钢琴家。 ——乔瓦尼(Giovanni)，一个自然音乐中，最富盛名的佼佼者，一个钢琴演奏界的教父，他运用钢琴丰富多变的特质，将音符幻化成一幅幅唯美的风景，熟悉的旋律赋予自然而感性的转折，造就乔瓦尼迷人的音乐风格! ——乔瓦尼的钢琴弹奏出乐圣最浪漫的乐章，人称「现代钢琴诗人的」乔瓦尼以轻柔的琴音，撩动现代人的心弦，营造出泛着银晖的浪漫情境。想要不... (更多)
WARNING:root:<class 'errorinfo.XqueryError'>: UrlPage._winfold: string looks wierd Giovanni Marradi
WARNING:root:<class 'errorinfo.XqueryError'>: UrlPage._winfold: string looks wierd Green Green Grass Of Home (C. Putman)
WARNING:root:<class 'errorinfo.XqueryError'>: UrlPage._winfold: string looks wierd Love Me Tender
WARNING:root:<class 'errorinfo.XqueryError'>: UrlPage._winfold: string looks wierd Sailing (G. Sutherland)
WARNING:root:<class 'errorinfo.XqueryError'>: UrlPage._winfold: string looks wierd Sailing (G. Sutherland)
WARNING:root:<class 'errorinfo.XqueryError'>: UrlPage._winfold: string looks wierd Green Green Grass Of Home (C. Putman)
WARNING:root:<class 'errorinfo.XqueryError'>: UrlPage._winfold: string looks wierd Green Green Grass Of Home (C. Putman)
WARNING:root:<class 'errorinfo.XqueryError'>: UrlPage._winfold: string looks wierd Nocturnes (G. Marradi)
WARNING:root:<class 'errorinfo.XqueryError'>: UrlPage._winfold: string looks wierd Nocturnes (G. Marradi)
WARNING:root:<class 'errorinfo.XqueryError'>: UrlPage._winfold: string looks wierd Ballade For Adeline (P. Senneville)
WARNING:root:<class 'errorinfo.XqueryError'>: UrlPage._winfold: string looks wierd Ballade For Adeline (P. Senneville)
WARNING:root:<class 'errorinfo.XqueryError'>: UrlPage._winfold: string looks wierd Sacristy (G. Marradi)
WARNING:root:<class 'errorinfo.XqueryError'>: UrlPage._winfold: string looks wierd Sacristy (G. Marradi)
WARNING:root:<class 'errorinfo.XqueryError'>: UrlPage._winfold: string looks wierd The Wonder Of You (B. Knight)
WARNING:root:<class 'errorinfo.XqueryError'>: UrlPage._winfold: string looks wierd The Wonder Of You (B. Knight)
WARNING:root:<class 'errorinfo.XqueryError'>: UrlPage._winfold: string looks wierd Theme From M.A.S.H. (J. Mandel)
WARNING:root:<class 'errorinfo.XqueryError'>: UrlPage._winfold: string looks wierd Theme From M.A.S.H. (J. Mandel)
WARNING:root:<class 'errorinfo.XqueryError'>: UrlPage._winfold: string looks wierd Friends And Lovers (P. Gordon, J. Gruska)
WARNING:root:<class 'errorinfo.XqueryError'>: UrlPage._winfold: string looks wierd Friends And Lovers (P. Gordon, J. Gruska)
WARNING:root:<class 'errorinfo.XqueryError'>: UrlPage._winfold: string looks wierd Sweet Prince (G. Marradi)
WARNING:root:<class 'errorinfo.XqueryError'>: UrlPage._winfold: string looks wierd Sweet Prince (G. Marradi)
WARNING:root:<class 'errorinfo.XqueryError'>: UrlPage._winfold: string looks wierd You Needed Me (Ft. Goodrum)
WARNING:root:<class 'errorinfo.XqueryError'>: UrlPage._winfold: string looks wierd You Needed Me (Ft. Goodrum)
WARNING:root:<class 'errorinfo.XqueryError'>: UrlPage._winfold: string looks wierd La Vie En Rose (M. David, L. Piaf. E. Piaf)
WARNING:root:<class 'errorinfo.XqueryError'>: UrlPage._winfold: string looks wierd La Vie En Rose (M. David, L. Piaf. E. Piaf)
WARNING:root:<class 'errorinfo.XqueryError'>: UrlPage._winfold: string looks wierd Terms of Endearment (M. Gore)
WARNING:root:<class 'errorinfo.XqueryError'>: UrlPage._winfold: string looks wierd Terms of Endearment (M. Gore)
WARNING:root:<class 'errorinfo.XqueryError'>: UrlPage._winfold: string looks wierd Love Me Tender
WARNING:root:<class 'errorinfo.XqueryError'>: UrlPage._winfold: string looks wierd Giovanni Marradi
WARNING:root:<class 'errorinfo.XqueryError'>: UrlPage._winfold: string looks wierd 其他
WARNING:root:<class 'errorinfo.XqueryError'>: UrlPage._winfold: string looks wierd New Castle Records
WARNING:root:<class 'errorinfo.XqueryError'>: UrlPage._winfold: string looks wierd 2000年01月01日
WARNING:root:<class 'errorinfo.XqueryError'>: UrlPage._winfold: string looks wierd 录音室专辑
WARNING:root:<class 'errorinfo.XqueryError'>: UrlPage._winfold: string looks wierd Giovanni Marradi
WARNING:root:<class 'errorinfo.XqueryError'>: UrlPage._winfold: string looks wierd Italy 意大利
WARNING:root:<class 'errorinfo.XqueryError'>: UrlPage._winfold: string looks wierd 
WARNING:root:<class 'errorinfo.XqueryError'>: UrlPage._winfold: string looks wierd 小简介 ——乔瓦尼 (Giovanni Marradi) 出生在意大利，5岁开始步其父亲后尘练习音乐演奏，8岁开始学作曲。现在已成为世界着名的NEW AGE音乐作曲家和钢琴家。 ——乔瓦尼(Giovanni)，一个自然音乐中，最富盛名的佼佼者，一个钢琴演奏界的教父，他运用钢琴丰富多变的特质，将音符幻化成一幅幅唯美的风景，熟悉的旋律赋予自然而感性的转折，造就乔瓦尼迷人的音乐风格! ——乔瓦尼的钢琴弹奏出乐圣最浪漫的乐章，人称「现代钢琴诗人的」乔瓦尼以轻柔的琴音，撩动现代人的心弦，营造出泛着银晖的浪漫情境。想要不... (更多)
WARNING:root:<class 'errorinfo.XqueryError'>: UrlPage._winfold: string looks wierd Giovanni Marradi
WARNING:root:<class 'errorinfo.XqueryError'>: UrlPage._winfold: string looks wierd Green Green Grass Of Home (C. Putman)
WARNING:root:<class 'errorinfo.XqueryError'>: UrlPage._winfold: string looks wierd Love Me Tender
WARNING:root:<class 'errorinfo.XqueryError'>: UrlPage._winfold: string looks wierd Sailing (G. Sutherland)
WARNING:root:<class 'errorinfo.XqueryError'>: UrlPage._winfold: string looks wierd Sailing (G. Sutherland)
WARNING:root:<class 'errorinfo.XqueryError'>: UrlPage._winfold: string looks wierd Green Green Grass Of Home (C. Putman)
WARNING:root:<class 'errorinfo.XqueryError'>: UrlPage._winfold: string looks wierd Green Green Grass Of Home (C. Putman)
WARNING:root:<class 'errorinfo.XqueryError'>: UrlPage._winfold: string looks wierd Nocturnes (G. Marradi)
WARNING:root:<class 'errorinfo.XqueryError'>: UrlPage._winfold: string looks wierd Nocturnes (G. Marradi)
WARNING:root:<class 'errorinfo.XqueryError'>: UrlPage._winfold: string looks wierd Ballade For Adeline (P. Senneville)
WARNING:root:<class 'errorinfo.XqueryError'>: UrlPage._winfold: string looks wierd Ballade For Adeline (P. Senneville)
WARNING:root:<class 'errorinfo.XqueryError'>: UrlPage._winfold: string looks wierd Sacristy (G. Marradi)
WARNING:root:<class 'errorinfo.XqueryError'>: UrlPage._winfold: string looks wierd Sacristy (G. Marradi)
WARNING:root:<class 'errorinfo.XqueryError'>: UrlPage._winfold: string looks wierd The Wonder Of You (B. Knight)
WARNING:root:<class 'errorinfo.XqueryError'>: UrlPage._winfold: string looks wierd The Wonder Of You (B. Knight)
WARNING:root:<class 'errorinfo.XqueryError'>: UrlPage._winfold: string looks wierd Theme From M.A.S.H. (J. Mandel)
WARNING:root:<class 'errorinfo.XqueryError'>: UrlPage._winfold: string looks wierd Theme From M.A.S.H. (J. Mandel)
WARNING:root:<class 'errorinfo.XqueryError'>: UrlPage._winfold: string looks wierd Friends And Lovers (P. Gordon, J. Gruska)
WARNING:root:<class 'errorinfo.XqueryError'>: UrlPage._winfold: string looks wierd Friends And Lovers (P. Gordon, J. Gruska)
WARNING:root:<class 'errorinfo.XqueryError'>: UrlPage._winfold: string looks wierd Sweet Prince (G. Marradi)
WARNING:root:<class 'errorinfo.XqueryError'>: UrlPage._winfold: string looks wierd Sweet Prince (G. Marradi)
WARNING:root:<class 'errorinfo.XqueryError'>: UrlPage._winfold: string looks wierd You Needed Me (Ft. Goodrum)
WARNING:root:<class 'errorinfo.XqueryError'>: UrlPage._winfold: string looks wierd You Needed Me (Ft. Goodrum)
WARNING:root:<class 'errorinfo.XqueryError'>: UrlPage._winfold: string looks wierd La Vie En Rose (M. David, L. Piaf. E. Piaf)
WARNING:root:<class 'errorinfo.XqueryError'>: UrlPage._winfold: string looks wierd La Vie En Rose (M. David, L. Piaf. E. Piaf)
WARNING:root:<class 'errorinfo.XqueryError'>: UrlPage._winfold: string looks wierd Terms of Endearment (M. Gore)
WARNING:root:<class 'errorinfo.XqueryError'>: UrlPage._winfold: string looks wierd Terms of Endearment (M. Gore)
WARNING:root:<class 'errorinfo.XqueryError'>: UrlPage._winfold: string looks wierd Love Me Tender
WARNING:root:<class 'errorinfo.XqueryError'>: UrlPage._winfold: string looks wierd Giovanni Marradi
WARNING:root:<class 'errorinfo.XqueryError'>: UrlPage._winfold: string looks wierd 其他
WARNING:root:<class 'errorinfo.XqueryError'>: UrlPage._winfold: string looks wierd New Castle Records
WARNING:root:<class 'errorinfo.XqueryError'>: UrlPage._winfold: string looks wierd 2000年01月01日
WARNING:root:<class 'errorinfo.XqueryError'>: UrlPage._winfold: string looks wierd 录音室专辑
WARNING:root:<class 'errorinfo.XqueryError'>: UrlPage._winfold: string looks wierd Giovanni Marradi
WARNING:root:<class 'errorinfo.XqueryError'>: UrlPage._winfold: string looks wierd Italy 意大利
WARNING:root:<class 'errorinfo.XqueryError'>: UrlPage._winfold: string looks wierd 
WARNING:root:<class 'errorinfo.XqueryError'>: UrlPage._winfold: string looks wierd 小简介 ——乔瓦尼 (Giovanni Marradi) 出生在意大利，5岁开始步其父亲后尘练习音乐演奏，8岁开始学作曲。现在已成为世界着名的NEW AGE音乐作曲家和钢琴家。 ——乔瓦尼(Giovanni)，一个自然音乐中，最富盛名的佼佼者，一个钢琴演奏界的教父，他运用钢琴丰富多变的特质，将音符幻化成一幅幅唯美的风景，熟悉的旋律赋予自然而感性的转折，造就乔瓦尼迷人的音乐风格! ——乔瓦尼的钢琴弹奏出乐圣最浪漫的乐章，人称「现代钢琴诗人的」乔瓦尼以轻柔的琴音，撩动现代人的心弦，营造出泛着银晖的浪漫情境。想要不... (更多)
WARNING:root:<class 'errorinfo.XqueryError'>: UrlPage._winfold: string looks wierd Giovanni Marradi
WARNING:root:<class 'errorinfo.XqueryError'>: UrlPage._winfold: string looks wierd Green Green Grass Of Home (C. Putman)
WARNING:root:<class 'errorinfo.XqueryError'>: UrlPage._winfold: string looks wierd Love Me Tender
WARNING:root:<class 'errorinfo.XqueryError'>: UrlPage._winfold: string looks wierd Sailing (G. Sutherland)
WARNING:root:<class 'errorinfo.XqueryError'>: UrlPage._winfold: string looks wierd Sailing (G. Sutherland)
WARNING:root:<class 'errorinfo.XqueryError'>: UrlPage._winfold: string looks wierd Green Green Grass Of Home (C. Putman)
WARNING:root:<class 'errorinfo.XqueryError'>: UrlPage._winfold: string looks wierd Green Green Grass Of Home (C. Putman)
WARNING:root:<class 'errorinfo.XqueryError'>: UrlPage._winfold: string looks wierd Nocturnes (G. Marradi)
WARNING:root:<class 'errorinfo.XqueryError'>: UrlPage._winfold: string looks wierd Nocturnes (G. Marradi)
WARNING:root:<class 'errorinfo.XqueryError'>: UrlPage._winfold: string looks wierd Ballade For Adeline (P. Senneville)
WARNING:root:<class 'errorinfo.XqueryError'>: UrlPage._winfold: string looks wierd Ballade For Adeline (P. Senneville)
WARNING:root:<class 'errorinfo.XqueryError'>: UrlPage._winfold: string looks wierd Sacristy (G. Marradi)
WARNING:root:<class 'errorinfo.XqueryError'>: UrlPage._winfold: string looks wierd Sacristy (G. Marradi)
WARNING:root:<class 'errorinfo.XqueryError'>: UrlPage._winfold: string looks wierd The Wonder Of You (B. Knight)
WARNING:root:<class 'errorinfo.XqueryError'>: UrlPage._winfold: string looks wierd The Wonder Of You (B. Knight)
WARNING:root:<class 'errorinfo.XqueryError'>: UrlPage._winfold: string looks wierd Theme From M.A.S.H. (J. Mandel)
WARNING:root:<class 'errorinfo.XqueryError'>: UrlPage._winfold: string looks wierd Theme From M.A.S.H. (J. Mandel)
WARNING:root:<class 'errorinfo.XqueryError'>: UrlPage._winfold: string looks wierd Friends And Lovers (P. Gordon, J. Gruska)
WARNING:root:<class 'errorinfo.XqueryError'>: UrlPage._winfold: string looks wierd Friends And Lovers (P. Gordon, J. Gruska)
WARNING:root:<class 'errorinfo.XqueryError'>: UrlPage._winfold: string looks wierd Sweet Prince (G. Marradi)
WARNING:root:<class 'errorinfo.XqueryError'>: UrlPage._winfold: string looks wierd Sweet Prince (G. Marradi)
WARNING:root:<class 'errorinfo.XqueryError'>: UrlPage._winfold: string looks wierd You Needed Me (Ft. Goodrum)
WARNING:root:<class 'errorinfo.XqueryError'>: UrlPage._winfold: string looks wierd You Needed Me (Ft. Goodrum)
WARNING:root:<class 'errorinfo.XqueryError'>: UrlPage._winfold: string looks wierd La Vie En Rose (M. David, L. Piaf. E. Piaf)
WARNING:root:<class 'errorinfo.XqueryError'>: UrlPage._winfold: string looks wierd La Vie En Rose (M. David, L. Piaf. E. Piaf)
WARNING:root:<class 'errorinfo.XqueryError'>: UrlPage._winfold: string looks wierd Terms of Endearment (M. Gore)
WARNING:root:<class 'errorinfo.XqueryError'>: UrlPage._winfold: string looks wierd Terms of Endearment (M. Gore)
WARNING:root:<class 'errorinfo.XqueryError'>: UrlPage._winfold: string looks wierd Love Me Tender
WARNING:root:<class 'errorinfo.XqueryError'>: UrlPage._winfold: string looks wierd Giovanni Marradi
WARNING:root:<class 'errorinfo.XqueryError'>: UrlPage._winfold: string looks wierd 其他
WARNING:root:<class 'errorinfo.XqueryError'>: UrlPage._winfold: string looks wierd New Castle Records
WARNING:root:<class 'errorinfo.XqueryError'>: UrlPage._winfold: string looks wierd 2000年01月01日
WARNING:root:<class 'errorinfo.XqueryError'>: UrlPage._winfold: string looks wierd 录音室专辑
WARNING:root:<class 'errorinfo.XqueryError'>: UrlPage._winfold: string looks wierd Giovanni Marradi
WARNING:root:<class 'errorinfo.XqueryError'>: UrlPage._winfold: string looks wierd Italy 意大利
WARNING:root:<class 'errorinfo.XqueryError'>: UrlPage._winfold: string looks wierd 
WARNING:root:<class 'errorinfo.XqueryError'>: UrlPage._winfold: string looks wierd 小简介 ——乔瓦尼 (Giovanni Marradi) 出生在意大利，5岁开始步其父亲后尘练习音乐演奏，8岁开始学作曲。现在已成为世界着名的NEW AGE音乐作曲家和钢琴家。 ——乔瓦尼(Giovanni)，一个自然音乐中，最富盛名的佼佼者，一个钢琴演奏界的教父，他运用钢琴丰富多变的特质，将音符幻化成一幅幅唯美的风景，熟悉的旋律赋予自然而感性的转折，造就乔瓦尼迷人的音乐风格! ——乔瓦尼的钢琴弹奏出乐圣最浪漫的乐章，人称「现代钢琴诗人的」乔瓦尼以轻柔的琴音，撩动现代人的心弦，营造出泛着银晖的浪漫情境。想要不... (更多)
WARNING:root:<class 'errorinfo.XqueryError'>: UrlPage._winfold: string looks wierd Giovanni Marradi
WARNING:root:<class 'errorinfo.XqueryError'>: UrlPage._winfold: string looks wierd Green Green Grass Of Home (C. Putman)
WARNING:root:<class 'errorinfo.XqueryError'>: UrlPage._winfold: string looks wierd Love Me Tender
WARNING:root:<class 'errorinfo.XqueryError'>: UrlPage._winfold: string looks wierd Sailing (G. Sutherland)
WARNING:root:<class 'errorinfo.XqueryError'>: UrlPage._winfold: string looks wierd Sailing (G. Sutherland)
WARNING:root:<class 'errorinfo.XqueryError'>: UrlPage._winfold: string looks wierd Green Green Grass Of Home (C. Putman)
WARNING:root:<class 'errorinfo.XqueryError'>: UrlPage._winfold: string looks wierd Green Green Grass Of Home (C. Putman)
WARNING:root:<class 'errorinfo.XqueryError'>: UrlPage._winfold: string looks wierd Nocturnes (G. Marradi)
WARNING:root:<class 'errorinfo.XqueryError'>: UrlPage._winfold: string looks wierd Nocturnes (G. Marradi)
WARNING:root:<class 'errorinfo.XqueryError'>: UrlPage._winfold: string looks wierd Ballade For Adeline (P. Senneville)
WARNING:root:<class 'errorinfo.XqueryError'>: UrlPage._winfold: string looks wierd Ballade For Adeline (P. Senneville)
WARNING:root:<class 'errorinfo.XqueryError'>: UrlPage._winfold: string looks wierd Sacristy (G. Marradi)
WARNING:root:<class 'errorinfo.XqueryError'>: UrlPage._winfold: string looks wierd Sacristy (G. Marradi)
WARNING:root:<class 'errorinfo.XqueryError'>: UrlPage._winfold: string looks wierd The Wonder Of You (B. Knight)
WARNING:root:<class 'errorinfo.XqueryError'>: UrlPage._winfold: string looks wierd The Wonder Of You (B. Knight)
WARNING:root:<class 'errorinfo.XqueryError'>: UrlPage._winfold: string looks wierd Theme From M.A.S.H. (J. Mandel)
WARNING:root:<class 'errorinfo.XqueryError'>: UrlPage._winfold: string looks wierd Theme From M.A.S.H. (J. Mandel)
WARNING:root:<class 'errorinfo.XqueryError'>: UrlPage._winfold: string looks wierd Friends And Lovers (P. Gordon, J. Gruska)
WARNING:root:<class 'errorinfo.XqueryError'>: UrlPage._winfold: string looks wierd Friends And Lovers (P. Gordon, J. Gruska)
WARNING:root:<class 'errorinfo.XqueryError'>: UrlPage._winfold: string looks wierd Sweet Prince (G. Marradi)
WARNING:root:<class 'errorinfo.XqueryError'>: UrlPage._winfold: string looks wierd Sweet Prince (G. Marradi)
WARNING:root:<class 'errorinfo.XqueryError'>: UrlPage._winfold: string looks wierd You Needed Me (Ft. Goodrum)
WARNING:root:<class 'errorinfo.XqueryError'>: UrlPage._winfold: string looks wierd You Needed Me (Ft. Goodrum)
WARNING:root:<class 'errorinfo.XqueryError'>: UrlPage._winfold: string looks wierd La Vie En Rose (M. David, L. Piaf. E. Piaf)
WARNING:root:<class 'errorinfo.XqueryError'>: UrlPage._winfold: string looks wierd La Vie En Rose (M. David, L. Piaf. E. Piaf)
WARNING:root:<class 'errorinfo.XqueryError'>: UrlPage._winfold: string looks wierd Terms of Endearment (M. Gore)
WARNING:root:<class 'errorinfo.XqueryError'>: UrlPage._winfold: string looks wierd Terms of Endearment (M. Gore)
WARNING:root:<class 'errorinfo.XqueryError'>: UrlPage._winfold: string looks wierd Love Me Tender
WARNING:root:<class 'errorinfo.XqueryError'>: UrlPage._winfold: string looks wierd Giovanni Marradi
WARNING:root:<class 'errorinfo.XqueryError'>: UrlPage._winfold: string looks wierd 其他
WARNING:root:<class 'errorinfo.XqueryError'>: UrlPage._winfold: string looks wierd New Castle Records
WARNING:root:<class 'errorinfo.XqueryError'>: UrlPage._winfold: string looks wierd 2000年01月01日
WARNING:root:<class 'errorinfo.XqueryError'>: UrlPage._winfold: string looks wierd 录音室专辑
WARNING:root:<class 'errorinfo.XqueryError'>: UrlPage._winfold: string looks wierd Giovanni Marradi
WARNING:root:<class 'errorinfo.XqueryError'>: UrlPage._winfold: string looks wierd Italy 意大利
WARNING:root:<class 'errorinfo.XqueryError'>: UrlPage._winfold: string looks wierd 
WARNING:root:<class 'errorinfo.XqueryError'>: UrlPage._winfold: string looks wierd 小简介 ——乔瓦尼 (Giovanni Marradi) 出生在意大利，5岁开始步其父亲后尘练习音乐演奏，8岁开始学作曲。现在已成为世界着名的NEW AGE音乐作曲家和钢琴家。 ——乔瓦尼(Giovanni)，一个自然音乐中，最富盛名的佼佼者，一个钢琴演奏界的教父，他运用钢琴丰富多变的特质，将音符幻化成一幅幅唯美的风景，熟悉的旋律赋予自然而感性的转折，造就乔瓦尼迷人的音乐风格! ——乔瓦尼的钢琴弹奏出乐圣最浪漫的乐章，人称「现代钢琴诗人的」乔瓦尼以轻柔的琴音，撩动现代人的心弦，营造出泛着银晖的浪漫情境。想要不... (更多)
WARNING:root:<class 'errorinfo.XqueryError'>: UrlPage._getResponse: urlopen error http://www.xiami.com/song1772184919
WARNING:root:<class 'errorinfo.XqueryError'>: UrlPage._getResponse: urlopen error http://www.xiami.com//song1772184919
WARNING:root:<class 'errorinfo.XqueryError'>: UrlPage._winfold: string looks wierd Giovanni Marradi
WARNING:root:<class 'errorinfo.XqueryError'>: UrlPage._winfold: string looks wierd Green Green Grass Of Home (C. Putman)
WARNING:root:<class 'errorinfo.XqueryError'>: UrlPage._winfold: string looks wierd Love Me Tender
WARNING:root:<class 'errorinfo.XqueryError'>: UrlPage._winfold: string looks wierd Giovanni Marradi
WARNING:root:<class 'errorinfo.XqueryError'>: UrlPage._winfold: string looks wierd Green Green Grass Of Home (C. Putman)
WARNING:root:<class 'errorinfo.XqueryError'>: UrlPage._winfold: string looks wierd Love Me Tender
WARNING:root:<class 'errorinfo.XqueryError'>: UrlPage._winfold: string looks wierd Giovanni Marradi
WARNING:root:<class 'errorinfo.XqueryError'>: UrlPage._winfold: string looks wierd Green Green Grass Of Home (C. Putman)
WARNING:root:<class 'errorinfo.XqueryError'>: UrlPage._winfold: string looks wierd Love Me Tender
WARNING:root:<class 'errorinfo.XqueryError'>: UrlPage._winfold: string looks wierd Giovanni Marradi
WARNING:root:<class 'errorinfo.XqueryError'>: UrlPage._winfold: string looks wierd Green Green Grass Of Home (C. Putman)
WARNING:root:<class 'errorinfo.XqueryError'>: UrlPage._winfold: string looks wierd Love Me Tender
WARNING:root:<class 'errorinfo.XqueryError'>: UrlPage._winfold: string looks wierd Giovanni Marradi
WARNING:root:<class 'errorinfo.XqueryError'>: UrlPage._winfold: string looks wierd Terms of Endearment (M. Gore)
WARNING:root:<class 'errorinfo.XqueryError'>: UrlPage._winfold: string looks wierd Love Me Tender
WARNING:root:<class 'errorinfo.XqueryError'>: UrlPage._winfold: string looks wierd Giovanni Marradi
WARNING:root:<class 'errorinfo.XqueryError'>: UrlPage._winfold: string looks wierd Green Green Grass Of Home (C. Putman)
WARNING:root:<class 'errorinfo.XqueryError'>: UrlPage._winfold: string looks wierd Love Me Tender
WARNING:root:<class 'errorinfo.XqueryError'>: UrlPage._winfold: string looks wierd Giovanni Marradi
WARNING:root:<class 'errorinfo.XqueryError'>: UrlPage._winfold: string looks wierd Terms of Endearment (M. Gore)
WARNING:root:<class 'errorinfo.XqueryError'>: UrlPage._winfold: string looks wierd Love Me Tender
WARNING:root:<class 'errorinfo.XqueryError'>: UrlPage._winfold: string looks wierd Wayne Gratz
WARNING:root:<class 'errorinfo.XqueryError'>: UrlPage._winfold: string looks wierd Rain On the Pond
WARNING:root:<class 'errorinfo.XqueryError'>: UrlPage._winfold: string looks wierd Spring Rain Piano and Rainfall
WARNING:root:<class 'errorinfo.XqueryError'>: UrlPage._winfold: string looks wierd Giovanni Marradi
WARNING:root:<class 'errorinfo.XqueryError'>: UrlPage._winfold: string looks wierd Green Green Grass Of Home (C. Putman)
WARNING:root:<class 'errorinfo.XqueryError'>: UrlPage._winfold: string looks wierd Love Me Tender
WARNING:root:<class 'errorinfo.XqueryError'>: UrlPage._winfold: string looks wierd Giovanni Marradi
WARNING:root:<class 'errorinfo.XqueryError'>: UrlPage._winfold: string looks wierd Terms of Endearment (M. Gore)
WARNING:root:<class 'errorinfo.XqueryError'>: UrlPage._winfold: string looks wierd Love Me Tender
WARNING:root:<class 'errorinfo.XqueryError'>: UrlPage._winfold: string looks wierd Wayne Gratz
WARNING:root:<class 'errorinfo.XqueryError'>: UrlPage._winfold: string looks wierd Rain On the Pond
WARNING:root:<class 'errorinfo.XqueryError'>: UrlPage._winfold: string looks wierd Spring Rain Piano and Rainfall
WARNING:root:<class 'errorinfo.XqueryError'>: UrlPage._winfold: string looks wierd Giovanni Marradi
WARNING:root:<class 'errorinfo.XqueryError'>: UrlPage._winfold: string looks wierd Green Green Grass Of Home (C. Putman)
WARNING:root:<class 'errorinfo.XqueryError'>: UrlPage._winfold: string looks wierd Love Me Tender
WARNING:root:<class 'errorinfo.XqueryError'>: UrlPage._winfold: string looks wierd Giovanni Marradi
WARNING:root:<class 'errorinfo.XqueryError'>: UrlPage._winfold: string looks wierd Green Green Grass Of Home (C. Putman)
WARNING:root:<class 'errorinfo.XqueryError'>: UrlPage._winfold: string looks wierd Love Me Tender
WARNING:root:<class 'errorinfo.XqueryError'>: UrlPage._winfold: string looks wierd Giovanni Marradi
WARNING:root:<class 'errorinfo.XqueryError'>: UrlPage._winfold: string looks wierd Green Green Grass Of Home (C. Putman)
WARNING:root:<class 'errorinfo.XqueryError'>: UrlPage._winfold: string looks wierd Love Me Tender
WARNING:root:<class 'errorinfo.XqueryError'>: UrlPage._winfold: string looks wierd Green Green Grass Of Home (C. Putman)
WARNING:root:<class 'errorinfo.ControllerError'>: no current listening
WARNING:root:<class 'errorinfo.ControllerError'>: no current listening
WARNING:root:<class 'errorinfo.ControllerError'>: no current listening
WARNING:root:<class 'errorinfo.ControllerError'>: no current listening
WARNING:root:<class 'errorinfo.ControllerError'>: no current listening
WARNING:root:<class 'errorinfo.ControllerError'>: no current listening
WARNING:root:<class 'errorinfo.ControllerError'>: no current listening
